<?xml version="1.0" encoding="UTF-8"?>
<!-- Generated by org.testng.reporters.JUnitReportReporter -->
<testsuite hostname="priyaranjan" failures="0" tests="5" name="fetchingdatafromarray.fdfoarray" time="109.161" errors="0" timestamp="2022-04-28T23:20:55 IST" skipped="0">
  <testcase classname="fetchingdatafromarray.fdfoarray" name="login" time="47.130"/>
  <system-out/>
  <testcase classname="fetchingdatafromarray.fdfoarray" name="login" time="16.266"/>
  <system-out/>
  <testcase classname="fetchingdatafromarray.fdfoarray" name="login" time="15.095"/>
  <system-out/>
  <testcase classname="fetchingdatafromarray.fdfoarray" name="login" time="15.692"/>
  <system-out/>
  <testcase classname="fetchingdatafromarray.fdfoarray" name="login" time="14.978"/>
  <system-out/>
</testsuite> <!-- fetchingdatafromarray.fdfoarray -->
