<?xml version="1.0" encoding="UTF-8"?>
<!-- Generated by org.testng.reporters.JUnitReportReporter -->
<testsuite hostname="priyaranjan" failures="0" tests="1" name="testdata.fetchdataexcel" time="0.699" errors="0" timestamp="2022-04-26T23:29:30 IST" skipped="0">
  <testcase classname="testdata.fetchdataexcel" name="fetchdatafexcel" time="0.699"/>
  <system-out/>
</testsuite> <!-- testdata.fetchdataexcel -->
