<?xml version="1.0" encoding="UTF-8"?>
<!-- Generated by org.testng.reporters.JUnitReportReporter -->
<testsuite hostname="priyaranjan" failures="0" tests="1" name="fetchingdatafromhashmap.FetchDataHashMap" time="9.794" errors="0" timestamp="2022-04-28T23:27:55 IST" skipped="0">
  <testcase classname="fetchingdatafromhashmap.FetchDataHashMap" name="setup" time="9.794"/>
  <system-out/>
</testsuite> <!-- fetchingdatafromhashmap.FetchDataHashMap -->
